# JRE version: OpenJDK Runtime Environment (8.0_232-b09) (build 1.8.0_232-8u232-b09-0ubuntu1~18.04.1-b09)
# Java VM: OpenJDK 64-Bit Server VM (25.232-b09 mixed mode linux-amd64 compressed oops)
Heap:
 PSYoungGen      total 31744K, used 28765K [0x000000076cf00000, 0x000000076f880000, 0x00000007c0000000)
  eden space 31232K, 92% used [0x000000076cf00000,0x000000076eb0f610,0x000000076ed80000)
  from space 512K, 6% used [0x000000076f780000,0x000000076f788000,0x000000076f800000)
  to   space 512K, 0% used [0x000000076f800000,0x000000076f800000,0x000000076f880000)
 ParOldGen       total 171008K, used 39618K [0x00000006c6c00000, 0x00000006d1300000, 0x000000076cf00000)
  object space 171008K, 23% used [0x00000006c6c00000,0x00000006c92b0b50,0x00000006d1300000)
 Metaspace       used 13142K, capacity 13508K, committed 13824K, reserved 1060864K
  class space    used 1356K, capacity 1476K, committed 1536K, reserved 1048576K
GC Heap History (10 events):
Event: 3231,850 GC heap before
{Heap before GC invocations=1295 (full 0):
 PSYoungGen      total 31744K, used 31264K [0x000000076cf00000, 0x000000076f880000, 0x00000007c0000000)
  eden space 31232K, 100% used [0x000000076cf00000,0x000000076ed80000,0x000000076ed80000)
  from space 512K, 6% used [0x000000076f800000,0x000000076f808000,0x000000076f880000)
  to   space 512K, 0% used [0x000000076f780000,0x000000076f780000,0x000000076f800000)
 ParOldGen       total 171008K, used 39618K [0x00000006c6c00000, 0x00000006d1300000, 0x000000076cf00000)
  object space 171008K, 23% used [0x00000006c6c00000,0x00000006c92b0b50,0x00000006d1300000)
 Metaspace       used 13142K, capacity 13508K, committed 13824K, reserved 1060864K
  class space    used 1356K, capacity 1476K, committed 1536K, reserved 1048576K
Event: 3231,851 GC heap after
Heap after GC invocations=1295 (full 0):
 PSYoungGen      total 31744K, used 0K [0x000000076cf00000, 0x000000076f880000, 0x00000007c0000000)
  eden space 31232K, 0% used [0x000000076cf00000,0x000000076cf00000,0x000000076ed80000)
  from space 512K, 0% used [0x000000076f780000,0x000000076f780000,0x000000076f800000)
  to   space 512K, 0% used [0x000000076f800000,0x000000076f800000,0x000000076f880000)
 ParOldGen       total 171008K, used 39618K [0x00000006c6c00000, 0x00000006d1300000, 0x000000076cf00000)
  object space 171008K, 23% used [0x00000006c6c00000,0x00000006c92b0b50,0x00000006d1300000)
 Metaspace       used 13142K, capacity 13508K, committed 13824K, reserved 1060864K
  class space    used 1356K, capacity 1476K, committed 1536K, reserved 1048576K
}
Event: 3234,198 GC heap before
{Heap before GC invocations=1296 (full 0):
 PSYoungGen      total 31744K, used 31232K [0x000000076cf00000, 0x000000076f880000, 0x00000007c0000000)
  eden space 31232K, 100% used [0x000000076cf00000,0x000000076ed80000,0x000000076ed80000)
  from space 512K, 0% used [0x000000076f780000,0x000000076f780000,0x000000076f800000)
  to   space 512K, 0% used [0x000000076f800000,0x000000076f800000,0x000000076f880000)
 ParOldGen       total 171008K, used 39618K [0x00000006c6c00000, 0x00000006d1300000, 0x000000076cf00000)
  object space 171008K, 23% used [0x00000006c6c00000,0x00000006c92b0b50,0x00000006d1300000)
 Metaspace       used 13142K, capacity 13508K, committed 13824K, reserved 1060864K
  class space    used 1356K, capacity 1476K, committed 1536K, reserved 1048576K
Event: 3234,200 GC heap after
Heap after GC invocations=1296 (full 0):
 PSYoungGen      total 31744K, used 32K [0x000000076cf00000, 0x000000076f880000, 0x00000007c0000000)
  eden space 31232K, 0% used [0x000000076cf00000,0x000000076cf00000,0x000000076ed80000)
  from space 512K, 6% used [0x000000076f800000,0x000000076f808000,0x000000076f880000)
  to   space 512K, 0% used [0x000000076f780000,0x000000076f780000,0x000000076f800000)
 ParOldGen       total 171008K, used 39618K [0x00000006c6c00000, 0x00000006d1300000, 0x000000076cf00000)
  object space 171008K, 23% used [0x00000006c6c00000,0x00000006c92b0b50,0x00000006d1300000)
 Metaspace       used 13142K, capacity 13508K, committed 13824K, reserved 1060864K
  class space    used 1356K, capacity 1476K, committed 1536K, reserved 1048576K
}
Event: 3236,569 GC heap before
{Heap before GC invocations=1297 (full 0):
 PSYoungGen      total 31744K, used 31264K [0x000000076cf00000, 0x000000076f880000, 0x00000007c0000000)
  eden space 31232K, 100% used [0x000000076cf00000,0x000000076ed80000,0x000000076ed80000)
  from space 512K, 6% used [0x000000076f800000,0x000000076f808000,0x000000076f880000)
  to   space 512K, 0% used [0x000000076f780000,0x000000076f780000,0x000000076f800000)
 ParOldGen       total 171008K, used 39618K [0x00000006c6c00000, 0x00000006d1300000, 0x000000076cf00000)
  object space 171008K, 23% used [0x00000006c6c00000,0x00000006c92b0b50,0x00000006d1300000)
 Metaspace       used 13142K, capacity 13508K, committed 13824K, reserved 1060864K
  class space    used 1356K, capacity 1476K, committed 1536K, reserved 1048576K
Event: 3236,573 GC heap after
Heap after GC invocations=1297 (full 0):
 PSYoungGen      total 31744K, used 0K [0x000000076cf00000, 0x000000076f880000, 0x00000007c0000000)
  eden space 31232K, 0% used [0x000000076cf00000,0x000000076cf00000,0x000000076ed80000)
  from space 512K, 0% used [0x000000076f780000,0x000000076f780000,0x000000076f800000)
  to   space 512K, 0% used [0x000000076f800000,0x000000076f800000,0x000000076f880000)
 ParOldGen       total 171008K, used 39618K [0x00000006c6c00000, 0x00000006d1300000, 0x000000076cf00000)
  object space 171008K, 23% used [0x00000006c6c00000,0x00000006c92b0b50,0x00000006d1300000)
 Metaspace       used 13142K, capacity 13508K, committed 13824K, reserved 1060864K
  class space    used 1356K, capacity 1476K, committed 1536K, reserved 1048576K
}
Event: 3238,933 GC heap before
{Heap before GC invocations=1298 (full 0):
 PSYoungGen      total 31744K, used 31232K [0x000000076cf00000, 0x000000076f880000, 0x00000007c0000000)
  eden space 31232K, 100% used [0x000000076cf00000,0x000000076ed80000,0x000000076ed80000)
  from space 512K, 0% used [0x000000076f780000,0x000000076f780000,0x000000076f800000)
  to   space 512K, 0% used [0x000000076f800000,0x000000076f800000,0x000000076f880000)
 ParOldGen       total 171008K, used 39618K [0x00000006c6c00000, 0x00000006d1300000, 0x000000076cf00000)
  object space 171008K, 23% used [0x00000006c6c00000,0x00000006c92b0b50,0x00000006d1300000)
 Metaspace       used 13142K, capacity 13508K, committed 13824K, reserved 1060864K
  class space    used 1356K, capacity 1476K, committed 1536K, reserved 1048576K
Event: 3238,937 GC heap after
Heap after GC invocations=1298 (full 0):
 PSYoungGen      total 31744K, used 32K [0x000000076cf00000, 0x000000076f880000, 0x00000007c0000000)
  eden space 31232K, 0% used [0x000000076cf00000,0x000000076cf00000,0x000000076ed80000)
  from space 512K, 6% used [0x000000076f800000,0x000000076f808000,0x000000076f880000)
  to   space 512K, 0% used [0x000000076f780000,0x000000076f780000,0x000000076f800000)
 ParOldGen       total 171008K, used 39618K [0x00000006c6c00000, 0x00000006d1300000, 0x000000076cf00000)
  object space 171008K, 23% used [0x00000006c6c00000,0x00000006c92b0b50,0x00000006d1300000)
 Metaspace       used 13142K, capacity 13508K, committed 13824K, reserved 1060864K
  class space    used 1356K, capacity 1476K, committed 1536K, reserved 1048576K
}
Event: 3241,296 GC heap before
{Heap before GC invocations=1299 (full 0):
 PSYoungGen      total 31744K, used 31264K [0x000000076cf00000, 0x000000076f880000, 0x00000007c0000000)
  eden space 31232K, 100% used [0x000000076cf00000,0x000000076ed80000,0x000000076ed80000)
  from space 512K, 6% used [0x000000076f800000,0x000000076f808000,0x000000076f880000)
  to   space 512K, 0% used [0x000000076f780000,0x000000076f780000,0x000000076f800000)
 ParOldGen       total 171008K, used 39618K [0x00000006c6c00000, 0x00000006d1300000, 0x000000076cf00000)
  object space 171008K, 23% used [0x00000006c6c00000,0x00000006c92b0b50,0x00000006d1300000)
 Metaspace       used 13142K, capacity 13508K, committed 13824K, reserved 1060864K
  class space    used 1356K, capacity 1476K, committed 1536K, reserved 1048576K
Event: 3241,300 GC heap after
Heap after GC invocations=1299 (full 0):
 PSYoungGen      total 31744K, used 32K [0x000000076cf00000, 0x000000076f880000, 0x00000007c0000000)
  eden space 31232K, 0% used [0x000000076cf00000,0x000000076cf00000,0x000000076ed80000)
  from space 512K, 6% used [0x000000076f780000,0x000000076f788000,0x000000076f800000)
  to   space 512K, 0% used [0x000000076f800000,0x000000076f800000,0x000000076f880000)
 ParOldGen       total 171008K, used 39618K [0x00000006c6c00000, 0x00000006d1300000, 0x000000076cf00000)
  object space 171008K, 23% used [0x00000006c6c00000,0x00000006c92b0b50,0x00000006d1300000)
 Metaspace       used 13142K, capacity 13508K, committed 13824K, reserved 1060864K
  class space    used 1356K, capacity 1476K, committed 1536K, reserved 1048576K
}

